Test (2D): snapshots basic ...
2022/08/09 02:51:50 [Node 1] starts election in term 1
2022/08/09 02:51:50 Node 1 persist state: {currentTerm: 1, votedFor: 1, logs: [{0 0 <nil>}]}
2022/08/09 02:51:50 Node 0 persist state: {currentTerm: 1, votedFor: -1, logs: [{0 0 <nil>}]}
2022/08/09 02:51:50 Node 0 persist state: {currentTerm: 1, votedFor: 1, logs: [{0 0 <nil>}]}
2022/08/09 02:51:50 Node 2 persist state: {currentTerm: 1, votedFor: -1, logs: [{0 0 <nil>}]}
2022/08/09 02:51:50 Node 2 persist state: {currentTerm: 1, votedFor: 1, logs: [{0 0 <nil>}]}
2022/08/09 02:51:50 Node 1 receive RequestVoteReply from 0. term : 1, reply : {1 true}
2022/08/09 02:51:50 1 win the election in term 1
2022/08/09 02:51:50 1 to 0, args: {1 1 0 0 [] 0}
2022/08/09 02:51:50 Node 1 receive RequestVoteReply from 2. term : 1, reply : {1 true}
2022/08/09 02:51:50 1 to 2, args: {1 1 0 0 [] 0}
2022/08/09 02:51:50 Node 2 : term 1 follower receive AE from 1, args: &{1 1 0 0 [] 0}
2022/08/09 02:51:50 Node 0 : term 1 follower receive AE from 1, args: &{1 1 0 0 [] 0}
2022/08/09 02:51:50 reply from 2 success, update nextIndex to 1, matchIndex to 0, prevLogIndex: 0
2022/08/09 02:51:50 leader commit log: commitIndex: 0, lastLogIndex: 0
2022/08/09 02:51:50 reply from 0 success, update nextIndex to 1, matchIndex to 0, prevLogIndex: 0
2022/08/09 02:51:50 leader commit log: commitIndex: 0, lastLogIndex: 0
2022/08/09 02:51:50 Node 1 persist state: {currentTerm: 1, votedFor: 1, logs: [{0 0 <nil>} {1 1 7136457069137587810}]}
2022/08/09 02:51:50 1 to 0, args: {1 1 0 0 [{1 1 7136457069137587810}] 0}
2022/08/09 02:51:50 1 to 2, args: {1 1 0 0 [{1 1 7136457069137587810}] 0}
2022/08/09 02:51:50 Node 0 : term 1 follower receive AE from 1, args: &{1 1 0 0 [{1 1 7136457069137587810}] 0}
2022/08/09 02:51:50 Node 2 : term 1 follower receive AE from 1, args: &{1 1 0 0 [{1 1 7136457069137587810}] 0}
2022/08/09 02:51:50 Node 0 persist state: {currentTerm: 1, votedFor: 1, logs: [{0 0 <nil>} {1 1 7136457069137587810}]}
2022/08/09 02:51:50 Node 2 persist state: {currentTerm: 1, votedFor: 1, logs: [{0 0 <nil>} {1 1 7136457069137587810}]}
2022/08/09 02:51:50 reply from 0 success, update nextIndex to 2, matchIndex to 1, prevLogIndex: 0
2022/08/09 02:51:50 leader commit log: commitIndex: 0, lastLogIndex: 1
2022/08/09 02:51:50 Node 1 apply
2022/08/09 02:51:50 reply from 2 success, update nextIndex to 2, matchIndex to 1, prevLogIndex: 0
2022/08/09 02:51:50 leader commit log: commitIndex: 1, lastLogIndex: 1
2022/08/09 02:51:50 1 to 0, args: {1 1 1 1 [] 1}
2022/08/09 02:51:50 1 to 2, args: {1 1 1 1 [] 1}
2022/08/09 02:51:50 Node 0 : term 1 follower receive AE from 1, args: &{1 1 1 1 [] 1}
2022/08/09 02:51:50 Node 0 apply
2022/08/09 02:51:50 Node 2 : term 1 follower receive AE from 1, args: &{1 1 1 1 [] 1}
2022/08/09 02:51:50 reply from 0 success, update nextIndex to 2, matchIndex to 1, prevLogIndex: 1
2022/08/09 02:51:50 leader commit log: commitIndex: 1, lastLogIndex: 1
2022/08/09 02:51:50 Node 2 apply
2022/08/09 02:51:50 reply from 2 success, update nextIndex to 2, matchIndex to 1, prevLogIndex: 1
2022/08/09 02:51:50 leader commit log: commitIndex: 1, lastLogIndex: 1
2022/08/09 02:51:50 1 to 0, args: {1 1 1 1 [] 1}
2022/08/09 02:51:50 1 to 2, args: {1 1 1 1 [] 1}
2022/08/09 02:51:50 Node 2 : term 1 follower receive AE from 1, args: &{1 1 1 1 [] 1}
2022/08/09 02:51:50 Node 0 : term 1 follower receive AE from 1, args: &{1 1 1 1 [] 1}
2022/08/09 02:51:50 reply from 2 success, update nextIndex to 2, matchIndex to 1, prevLogIndex: 1
2022/08/09 02:51:50 leader commit log: commitIndex: 1, lastLogIndex: 1
2022/08/09 02:51:50 reply from 0 success, update nextIndex to 2, matchIndex to 1, prevLogIndex: 1
2022/08/09 02:51:50 leader commit log: commitIndex: 1, lastLogIndex: 1
2022/08/09 02:51:51 1 to 0, args: {1 1 1 1 [] 1}
2022/08/09 02:51:51 1 to 2, args: {1 1 1 1 [] 1}
2022/08/09 02:51:51 Node 0 : term 1 follower receive AE from 1, args: &{1 1 1 1 [] 1}
2022/08/09 02:51:51 Node 2 : term 1 follower receive AE from 1, args: &{1 1 1 1 [] 1}
2022/08/09 02:51:51 reply from 0 success, update nextIndex to 2, matchIndex to 1, prevLogIndex: 1
2022/08/09 02:51:51 leader commit log: commitIndex: 1, lastLogIndex: 1
2022/08/09 02:51:51 reply from 2 success, update nextIndex to 2, matchIndex to 1, prevLogIndex: 1
2022/08/09 02:51:51 leader commit log: commitIndex: 1, lastLogIndex: 1
2022/08/09 02:51:51 1 to 0, args: {1 1 1 1 [] 1}
2022/08/09 02:51:51 1 to 2, args: {1 1 1 1 [] 1}
2022/08/09 02:51:51 Node 0 : term 1 follower receive AE from 1, args: &{1 1 1 1 [] 1}
2022/08/09 02:51:51 Node 2 : term 1 follower receive AE from 1, args: &{1 1 1 1 [] 1}
2022/08/09 02:51:51 reply from 0 success, update nextIndex to 2, matchIndex to 1, prevLogIndex: 1
2022/08/09 02:51:51 leader commit log: commitIndex: 1, lastLogIndex: 1
2022/08/09 02:51:51 reply from 2 success, update nextIndex to 2, matchIndex to 1, prevLogIndex: 1
2022/08/09 02:51:51 leader commit log: commitIndex: 1, lastLogIndex: 1
2022/08/09 02:51:51 1 to 0, args: {1 1 1 1 [] 1}
2022/08/09 02:51:51 1 to 2, args: {1 1 1 1 [] 1}
2022/08/09 02:51:51 Node 2 : term 1 follower receive AE from 1, args: &{1 1 1 1 [] 1}
2022/08/09 02:51:51 Node 0 : term 1 follower receive AE from 1, args: &{1 1 1 1 [] 1}
2022/08/09 02:51:51 reply from 0 success, update nextIndex to 2, matchIndex to 1, prevLogIndex: 1
2022/08/09 02:51:51 leader commit log: commitIndex: 1, lastLogIndex: 1
2022/08/09 02:51:51 reply from 2 success, update nextIndex to 2, matchIndex to 1, prevLogIndex: 1
2022/08/09 02:51:51 leader commit log: commitIndex: 1, lastLogIndex: 1
2022/08/09 02:51:51 Node 1 persist state: {currentTerm: 1, votedFor: 1, logs: [{0 0 <nil>} {1 1 7136457069137587810} {2 1 567429757506653483}]}
2022/08/09 02:51:51 1 to 0, args: {1 1 1 1 [{2 1 567429757506653483}] 1}
2022/08/09 02:51:51 1 to 2, args: {1 1 1 1 [{2 1 567429757506653483}] 1}
2022/08/09 02:51:51 Node 1 persist state: {currentTerm: 1, votedFor: 1, logs: [{0 0 <nil>} {1 1 7136457069137587810} {2 1 567429757506653483} {3 1 8924417821258060500}]}
2022/08/09 02:51:51 1 to 0, args: {1 1 1 1 [{2 1 567429757506653483} {3 1 8924417821258060500}] 1}
2022/08/09 02:51:51 1 to 2, args: {1 1 1 1 [{2 1 567429757506653483} {3 1 8924417821258060500}] 1}
2022/08/09 02:51:51 Node 1 persist state: {currentTerm: 1, votedFor: 1, logs: [{0 0 <nil>} {1 1 7136457069137587810} {2 1 567429757506653483} {3 1 8924417821258060500} {4 1 3131435316092506895}]}
2022/08/09 02:51:51 1 to 0, args: {1 1 1 1 [{2 1 567429757506653483} {3 1 8924417821258060500} {4 1 3131435316092506895}] 1}
2022/08/09 02:51:51 1 to 2, args: {1 1 1 1 [{2 1 567429757506653483} {3 1 8924417821258060500} {4 1 3131435316092506895}] 1}
2022/08/09 02:51:51 Node 1 persist state: {currentTerm: 1, votedFor: 1, logs: [{0 0 <nil>} {1 1 7136457069137587810} {2 1 567429757506653483} {3 1 8924417821258060500} {4 1 3131435316092506895} {5 1 8351100472997277218}]}
2022/08/09 02:51:51 Node 2 : term 1 follower receive AE from 1, args: &{1 1 1 1 [{2 1 567429757506653483}] 1}
2022/08/09 02:51:51 Node 2 persist state: {currentTerm: 1, votedFor: 1, logs: [{0 0 <nil>} {1 1 7136457069137587810} {2 1 567429757506653483}]}
2022/08/09 02:51:51 1 to 0, args: {1 1 1 1 [{2 1 567429757506653483} {3 1 8924417821258060500} {4 1 3131435316092506895} {5 1 8351100472997277218}] 1}
2022/08/09 02:51:51 Node 2 : term 1 follower receive AE from 1, args: &{1 1 1 1 [{2 1 567429757506653483} {3 1 8924417821258060500}] 1}
2022/08/09 02:51:51 Node 2 persist state: {currentTerm: 1, votedFor: 1, logs: [{0 0 <nil>} {1 1 7136457069137587810} {2 1 567429757506653483} {3 1 8924417821258060500}]}
2022/08/09 02:51:51 Node 0 : term 1 follower receive AE from 1, args: &{1 1 1 1 [{2 1 567429757506653483}] 1}
2022/08/09 02:51:51 Node 0 persist state: {currentTerm: 1, votedFor: 1, logs: [{0 0 <nil>} {1 1 7136457069137587810} {2 1 567429757506653483}]}
2022/08/09 02:51:51 Node 2 : term 1 follower receive AE from 1, args: &{1 1 1 1 [{2 1 567429757506653483} {3 1 8924417821258060500} {4 1 3131435316092506895}] 1}
2022/08/09 02:51:51 1 to 2, args: {1 1 1 1 [{2 1 567429757506653483} {3 1 8924417821258060500} {4 1 3131435316092506895} {5 1 8351100472997277218}] 1}
2022/08/09 02:51:51 Node 0 : term 1 follower receive AE from 1, args: &{1 1 1 1 [{2 1 567429757506653483} {3 1 8924417821258060500} {4 1 3131435316092506895}] 1}
2022/08/09 02:51:51 Node 0 persist state: {currentTerm: 1, votedFor: 1, logs: [{0 0 <nil>} {1 1 7136457069137587810} {2 1 567429757506653483} {3 1 8924417821258060500} {4 1 3131435316092506895}]}
2022/08/09 02:51:51 Node 2 persist state: {currentTerm: 1, votedFor: 1, logs: [{0 0 <nil>} {1 1 7136457069137587810} {2 1 567429757506653483} {3 1 8924417821258060500} {4 1 3131435316092506895}]}
2022/08/09 02:51:51 Node 2 : term 1 follower receive AE from 1, args: &{1 1 1 1 [{2 1 567429757506653483} {3 1 8924417821258060500} {4 1 3131435316092506895} {5 1 8351100472997277218}] 1}
2022/08/09 02:51:51 Node 0 : term 1 follower receive AE from 1, args: &{1 1 1 1 [{2 1 567429757506653483} {3 1 8924417821258060500}] 1}
2022/08/09 02:51:51 Node 2 persist state: {currentTerm: 1, votedFor: 1, logs: [{0 0 <nil>} {1 1 7136457069137587810} {2 1 567429757506653483} {3 1 8924417821258060500} {4 1 3131435316092506895} {5 1 8351100472997277218}]}
2022/08/09 02:51:51 Node 1 persist state: {currentTerm: 1, votedFor: 1, logs: [{0 0 <nil>} {1 1 7136457069137587810} {2 1 567429757506653483} {3 1 8924417821258060500} {4 1 3131435316092506895} {5 1 8351100472997277218} {6 1 351660274605722001}]}
2022/08/09 02:51:51 Node 0 : term 1 follower receive AE from 1, args: &{1 1 1 1 [{2 1 567429757506653483} {3 1 8924417821258060500} {4 1 3131435316092506895} {5 1 8351100472997277218}] 1}
2022/08/09 02:51:51 Node 0 persist state: {currentTerm: 1, votedFor: 1, logs: [{0 0 <nil>} {1 1 7136457069137587810} {2 1 567429757506653483} {3 1 8924417821258060500} {4 1 3131435316092506895} {5 1 8351100472997277218}]}
2022/08/09 02:51:51 1 to 0, args: {1 1 1 1 [{2 1 567429757506653483} {3 1 8924417821258060500} {4 1 3131435316092506895} {5 1 8351100472997277218} {6 1 351660274605722001}] 1}
2022/08/09 02:51:51 1 to 2, args: {1 1 1 1 [{2 1 567429757506653483} {3 1 8924417821258060500} {4 1 3131435316092506895} {5 1 8351100472997277218} {6 1 351660274605722001}] 1}
2022/08/09 02:51:51 Node 1 persist state: {currentTerm: 1, votedFor: 1, logs: [{0 0 <nil>} {1 1 7136457069137587810} {2 1 567429757506653483} {3 1 8924417821258060500} {4 1 3131435316092506895} {5 1 8351100472997277218} {6 1 351660274605722001} {7 1 2232375947731627296}]}
2022/08/09 02:51:51 1 to 0, args: {1 1 1 1 [{2 1 567429757506653483} {3 1 8924417821258060500} {4 1 3131435316092506895} {5 1 8351100472997277218} {6 1 351660274605722001} {7 1 2232375947731627296}] 1}
2022/08/09 02:51:51 Node 0 : term 1 follower receive AE from 1, args: &{1 1 1 1 [{2 1 567429757506653483} {3 1 8924417821258060500} {4 1 3131435316092506895} {5 1 8351100472997277218} {6 1 351660274605722001}] 1}
2022/08/09 02:51:51 1 to 2, args: {1 1 1 1 [{2 1 567429757506653483} {3 1 8924417821258060500} {4 1 3131435316092506895} {5 1 8351100472997277218} {6 1 351660274605722001} {7 1 2232375947731627296}] 1}
2022/08/09 02:51:51 reply from 2 success, update nextIndex to 3, matchIndex to 2, prevLogIndex: 1
2022/08/09 02:51:51 leader commit log: commitIndex: 1, lastLogIndex: 7
2022/08/09 02:51:51 Node 1 apply
2022/08/09 02:51:51 reply from 2 success, update nextIndex to 4, matchIndex to 3, prevLogIndex: 1
2022/08/09 02:51:51 leader commit log: commitIndex: 2, lastLogIndex: 7
2022/08/09 02:51:51 Node 1 apply
2022/08/09 02:51:51 reply from 0 success, update nextIndex to 3, matchIndex to 2, prevLogIndex: 1
2022/08/09 02:51:51 leader commit log: commitIndex: 3, lastLogIndex: 7
2022/08/09 02:51:51 reply from 0 success, update nextIndex to 5, matchIndex to 4, prevLogIndex: 1
2022/08/09 02:51:51 leader commit log: commitIndex: 3, lastLogIndex: 7
2022/08/09 02:51:51 Node 1 apply
2022/08/09 02:51:51 reply from 2 success, update nextIndex to 5, matchIndex to 4, prevLogIndex: 1
2022/08/09 02:51:51 leader commit log: commitIndex: 4, lastLogIndex: 7
2022/08/09 02:51:51 reply from 0 success, update nextIndex to 5, matchIndex to 4, prevLogIndex: 1
2022/08/09 02:51:51 leader commit log: commitIndex: 4, lastLogIndex: 7
2022/08/09 02:51:51 reply from 2 success, update nextIndex to 6, matchIndex to 5, prevLogIndex: 1
2022/08/09 02:51:51 leader commit log: commitIndex: 4, lastLogIndex: 7
2022/08/09 02:51:51 Node 1 apply
2022/08/09 02:51:51 reply from 0 success, update nextIndex to 6, matchIndex to 5, prevLogIndex: 1
2022/08/09 02:51:51 leader commit log: commitIndex: 5, lastLogIndex: 7
2022/08/09 02:51:51 Node 1 persist state: {currentTerm: 1, votedFor: 1, logs: [{0 0 <nil>} {1 1 7136457069137587810} {2 1 567429757506653483} {3 1 8924417821258060500} {4 1 3131435316092506895} {5 1 8351100472997277218} {6 1 351660274605722001} {7 1 2232375947731627296} {8 1 1546677078549604792}]}
2022/08/09 02:51:51 1 to 0, args: {1 1 5 1 [{6 1 351660274605722001} {7 1 2232375947731627296} {8 1 1546677078549604792}] 5}
2022/08/09 02:51:51 Node 0 persist state: {currentTerm: 1, votedFor: 1, logs: [{0 0 <nil>} {1 1 7136457069137587810} {2 1 567429757506653483} {3 1 8924417821258060500} {4 1 3131435316092506895} {5 1 8351100472997277218} {6 1 351660274605722001}]}
2022/08/09 02:51:51 1 to 2, args: {1 1 5 1 [{6 1 351660274605722001} {7 1 2232375947731627296} {8 1 1546677078549604792}] 5}
2022/08/09 02:51:51 Node 2 : term 1 follower receive AE from 1, args: &{1 1 1 1 [{2 1 567429757506653483} {3 1 8924417821258060500} {4 1 3131435316092506895} {5 1 8351100472997277218} {6 1 351660274605722001}] 1}
2022/08/09 02:51:51 Node 2 persist state: {currentTerm: 1, votedFor: 1, logs: [{0 0 <nil>} {1 1 7136457069137587810} {2 1 567429757506653483} {3 1 8924417821258060500} {4 1 3131435316092506895} {5 1 8351100472997277218} {6 1 351660274605722001}]}
2022/08/09 02:51:51 Node 1 persist state: {currentTerm: 1, votedFor: 1, logs: [{0 0 <nil>} {1 1 7136457069137587810} {2 1 567429757506653483} {3 1 8924417821258060500} {4 1 3131435316092506895} {5 1 8351100472997277218} {6 1 351660274605722001} {7 1 2232375947731627296} {8 1 1546677078549604792} {9 1 6728113686158033206}]}
2022/08/09 02:51:51 1 to 0, args: {1 1 5 1 [{6 1 351660274605722001} {7 1 2232375947731627296} {8 1 1546677078549604792} {9 1 6728113686158033206}] 5}
2022/08/09 02:51:51 Node 0 : term 1 follower receive AE from 1, args: &{1 1 1 1 [{2 1 567429757506653483} {3 1 8924417821258060500} {4 1 3131435316092506895} {5 1 8351100472997277218} {6 1 351660274605722001} {7 1 2232375947731627296}] 1}
2022/08/09 02:51:51 Node 2 : term 1 follower receive AE from 1, args: &{1 1 5 1 [{6 1 351660274605722001} {7 1 2232375947731627296} {8 1 1546677078549604792}] 5}
2022/08/09 02:51:51 Node 0 persist state: {currentTerm: 1, votedFor: 1, logs: [{0 0 <nil>} {1 1 7136457069137587810} {2 1 567429757506653483} {3 1 8924417821258060500} {4 1 3131435316092506895} {5 1 8351100472997277218} {6 1 351660274605722001} {7 1 2232375947731627296}]}
2022/08/09 02:51:51 1 to 2, args: {1 1 5 1 [{6 1 351660274605722001} {7 1 2232375947731627296} {8 1 1546677078549604792} {9 1 6728113686158033206}] 5}
2022/08/09 02:51:51 Node 1 persist state: {currentTerm: 1, votedFor: 1, logs: [{0 0 <nil>} {1 1 7136457069137587810} {2 1 567429757506653483} {3 1 8924417821258060500} {4 1 3131435316092506895} {5 1 8351100472997277218} {6 1 351660274605722001} {7 1 2232375947731627296} {8 1 1546677078549604792} {9 1 6728113686158033206} {10 1 5511168404489917889}]}
2022/08/09 02:51:51 Node 0 : term 1 follower receive AE from 1, args: &{1 1 5 1 [{6 1 351660274605722001} {7 1 2232375947731627296} {8 1 1546677078549604792} {9 1 6728113686158033206}] 5}
2022/08/09 02:51:51 Node 0 persist state: {currentTerm: 1, votedFor: 1, logs: [{0 0 <nil>} {1 1 7136457069137587810} {2 1 567429757506653483} {3 1 8924417821258060500} {4 1 3131435316092506895} {5 1 8351100472997277218} {6 1 351660274605722001} {7 1 2232375947731627296} {8 1 1546677078549604792} {9 1 6728113686158033206}]}
2022/08/09 02:51:51 1 to 0, args: {1 1 5 1 [{6 1 351660274605722001} {7 1 2232375947731627296} {8 1 1546677078549604792} {9 1 6728113686158033206} {10 1 5511168404489917889}] 5}
2022/08/09 02:51:51 Node 0 apply
2022/08/09 02:51:51 1 to 2, args: {1 1 5 1 [{6 1 351660274605722001} {7 1 2232375947731627296} {8 1 1546677078549604792} {9 1 6728113686158033206} {10 1 5511168404489917889}] 5}
2022/08/09 02:51:51 Node 2 persist state: {currentTerm: 1, votedFor: 1, logs: [{0 0 <nil>} {1 1 7136457069137587810} {2 1 567429757506653483} {3 1 8924417821258060500} {4 1 3131435316092506895} {5 1 8351100472997277218} {6 1 351660274605722001} {7 1 2232375947731627296} {8 1 1546677078549604792}]}
2022/08/09 02:51:51 Node 2 apply
2022/08/09 02:51:51 Node 2 : term 1 follower receive AE from 1, args: &{1 1 1 1 [{2 1 567429757506653483} {3 1 8924417821258060500} {4 1 3131435316092506895} {5 1 8351100472997277218} {6 1 351660274605722001} {7 1 2232375947731627296}] 1}
2022/08/09 02:51:51 Node 0 : term 1 follower receive AE from 1, args: &{1 1 5 1 [{6 1 351660274605722001} {7 1 2232375947731627296} {8 1 1546677078549604792}] 5}
2022/08/09 02:51:51 Node 1 persist state: {currentTerm: 1, votedFor: 1, logs: [{0 0 <nil>} {1 1 7136457069137587810} {2 1 567429757506653483} {3 1 8924417821258060500} {4 1 3131435316092506895} {5 1 8351100472997277218} {6 1 351660274605722001} {7 1 2232375947731627296} {8 1 1546677078549604792} {9 1 6728113686158033206} {10 1 5511168404489917889} {11 1 2831984704378371938}]}
2022/08/09 02:51:51 Node 0 : term 1 follower receive AE from 1, args: &{1 1 5 1 [{6 1 351660274605722001} {7 1 2232375947731627296} {8 1 1546677078549604792} {9 1 6728113686158033206} {10 1 5511168404489917889}] 5}
2022/08/09 02:51:51 1 to 0, args: {1 1 5 1 [{6 1 351660274605722001} {7 1 2232375947731627296} {8 1 1546677078549604792} {9 1 6728113686158033206} {10 1 5511168404489917889} {11 1 2831984704378371938}] 5}
2022/08/09 02:51:51 Node 0 persist state: {currentTerm: 1, votedFor: 1, logs: [{0 0 <nil>} {1 1 7136457069137587810} {2 1 567429757506653483} {3 1 8924417821258060500} {4 1 3131435316092506895} {5 1 8351100472997277218} {6 1 351660274605722001} {7 1 2232375947731627296} {8 1 1546677078549604792} {9 1 6728113686158033206} {10 1 5511168404489917889}]}
2022/08/09 02:51:51 1 to 2, args: {1 1 5 1 [{6 1 351660274605722001} {7 1 2232375947731627296} {8 1 1546677078549604792} {9 1 6728113686158033206} {10 1 5511168404489917889} {11 1 2831984704378371938}] 5}
2022/08/09 02:51:51 Node 1 persist state: {currentTerm: 1, votedFor: 1, logs: [{0 0 <nil>} {1 1 7136457069137587810} {2 1 567429757506653483} {3 1 8924417821258060500} {4 1 3131435316092506895} {5 1 8351100472997277218} {6 1 351660274605722001} {7 1 2232375947731627296} {8 1 1546677078549604792} {9 1 6728113686158033206} {10 1 5511168404489917889} {11 1 2831984704378371938} {12 1 5926565453730421898}]}
2022/08/09 02:51:51 1 to 0, args: {1 1 5 1 [{6 1 351660274605722001} {7 1 2232375947731627296} {8 1 1546677078549604792} {9 1 6728113686158033206} {10 1 5511168404489917889} {11 1 2831984704378371938} {12 1 5926565453730421898}] 5}
2022/08/09 02:51:51 1 to 2, args: {1 1 5 1 [{6 1 351660274605722001} {7 1 2232375947731627296} {8 1 1546677078549604792} {9 1 6728113686158033206} {10 1 5511168404489917889} {11 1 2831984704378371938} {12 1 5926565453730421898}] 5}
2022/08/09 02:51:51 Node 1 persist state: {currentTerm: 1, votedFor: 1, logs: [{0 0 <nil>} {1 1 7136457069137587810} {2 1 567429757506653483} {3 1 8924417821258060500} {4 1 3131435316092506895} {5 1 8351100472997277218} {6 1 351660274605722001} {7 1 2232375947731627296} {8 1 1546677078549604792} {9 1 6728113686158033206} {10 1 5511168404489917889} {11 1 2831984704378371938} {12 1 5926565453730421898} {13 1 6746998931909205200}]}
2022/08/09 02:51:51 Node 0 : term 1 follower receive AE from 1, args: &{1 1 5 1 [{6 1 351660274605722001} {7 1 2232375947731627296} {8 1 1546677078549604792} {9 1 6728113686158033206} {10 1 5511168404489917889} {11 1 2831984704378371938}] 5}
2022/08/09 02:51:51 1 to 0, args: {1 1 5 1 [{6 1 351660274605722001} {7 1 2232375947731627296} {8 1 1546677078549604792} {9 1 6728113686158033206} {10 1 5511168404489917889} {11 1 2831984704378371938} {12 1 5926565453730421898} {13 1 6746998931909205200}] 5}
2022/08/09 02:51:51 Node 0 persist state: {currentTerm: 1, votedFor: 1, logs: [{0 0 <nil>} {1 1 7136457069137587810} {2 1 567429757506653483} {3 1 8924417821258060500} {4 1 3131435316092506895} {5 1 8351100472997277218} {6 1 351660274605722001} {7 1 2232375947731627296} {8 1 1546677078549604792} {9 1 6728113686158033206} {10 1 5511168404489917889} {11 1 2831984704378371938}]}
2022/08/09 02:51:51 Node 0 : term 1 follower receive AE from 1, args: &{1 1 5 1 [{6 1 351660274605722001} {7 1 2232375947731627296} {8 1 1546677078549604792} {9 1 6728113686158033206} {10 1 5511168404489917889} {11 1 2831984704378371938} {12 1 5926565453730421898} {13 1 6746998931909205200}] 5}
2022/08/09 02:51:51 Node 2 : term 1 follower receive AE from 1, args: &{1 1 5 1 [{6 1 351660274605722001} {7 1 2232375947731627296} {8 1 1546677078549604792} {9 1 6728113686158033206}] 5}
2022/08/09 02:51:51 1 to 2, args: {1 1 5 1 [{6 1 351660274605722001} {7 1 2232375947731627296} {8 1 1546677078549604792} {9 1 6728113686158033206} {10 1 5511168404489917889} {11 1 2831984704378371938} {12 1 5926565453730421898} {13 1 6746998931909205200}] 5}
2022/08/09 02:51:51 reply from 2 success, update nextIndex to 7, matchIndex to 6, prevLogIndex: 1
2022/08/09 02:51:51 leader commit log: commitIndex: 5, lastLogIndex: 13
2022/08/09 02:51:51 Node 1 apply
2022/08/09 02:51:51 reply from 0 success, update nextIndex to 11, matchIndex to 10, prevLogIndex: 5
2022/08/09 02:51:51 leader commit log: commitIndex: 6, lastLogIndex: 13
2022/08/09 02:51:51 Node 1 apply
2022/08/09 02:51:51 Node 1 apply
2022/08/09 02:51:51 Node 1 apply
2022/08/09 02:51:51 Node 1 apply
2022/08/09 02:51:51 reply from 0 success, update nextIndex to 11, matchIndex to 10, prevLogIndex: 5
2022/08/09 02:51:51 leader commit log: commitIndex: 10, lastLogIndex: 13
2022/08/09 02:51:51 reply from 0 success, update nextIndex to 11, matchIndex to 10, prevLogIndex: 1
2022/08/09 02:51:51 leader commit log: commitIndex: 10, lastLogIndex: 13
2022/08/09 02:51:51 reply from 0 success, update nextIndex to 11, matchIndex to 10, prevLogIndex: 1
2022/08/09 02:51:51 leader commit log: commitIndex: 10, lastLogIndex: 13
2022/08/09 02:51:51 Node 2 persist state: {currentTerm: 1, votedFor: 1, logs: [{0 0 <nil>} {1 1 7136457069137587810} {2 1 567429757506653483} {3 1 8924417821258060500} {4 1 3131435316092506895} {5 1 8351100472997277218} {6 1 351660274605722001} {7 1 2232375947731627296} {8 1 1546677078549604792} {9 1 6728113686158033206}]}
2022/08/09 02:51:51 Node 2 : term 1 follower receive AE from 1, args: &{1 1 5 1 [{6 1 351660274605722001} {7 1 2232375947731627296} {8 1 1546677078549604792} {9 1 6728113686158033206} {10 1 5511168404489917889} {11 1 2831984704378371938} {12 1 5926565453730421898} {13 1 6746998931909205200}] 5}
2022/08/09 02:51:51 Node 1 SNAPSHOT at index 9
2022/08/09 02:51:51 Node 2 persist state: {currentTerm: 1, votedFor: 1, logs: [{0 0 <nil>} {1 1 7136457069137587810} {2 1 567429757506653483} {3 1 8924417821258060500} {4 1 3131435316092506895} {5 1 8351100472997277218} {6 1 351660274605722001} {7 1 2232375947731627296} {8 1 1546677078549604792} {9 1 6728113686158033206} {10 1 5511168404489917889} {11 1 2831984704378371938} {12 1 5926565453730421898} {13 1 6746998931909205200}]}
2022/08/09 02:51:51 Node 0 persist state: {currentTerm: 1, votedFor: 1, logs: [{0 0 <nil>} {1 1 7136457069137587810} {2 1 567429757506653483} {3 1 8924417821258060500} {4 1 3131435316092506895} {5 1 8351100472997277218} {6 1 351660274605722001} {7 1 2232375947731627296} {8 1 1546677078549604792} {9 1 6728113686158033206} {10 1 5511168404489917889} {11 1 2831984704378371938} {12 1 5926565453730421898} {13 1 6746998931909205200}]}
2022/08/09 02:51:51 Node 2 : term 1 follower receive AE from 1, args: &{1 1 5 1 [{6 1 351660274605722001} {7 1 2232375947731627296} {8 1 1546677078549604792} {9 1 6728113686158033206} {10 1 5511168404489917889}] 5}
2022/08/09 02:51:51 reply from 2 success, update nextIndex to 9, matchIndex to 8, prevLogIndex: 5
2022/08/09 02:51:51 leader commit log: commitIndex: 10, lastLogIndex: 13
2022/08/09 02:51:51 reply from 2 success, update nextIndex to 9, matchIndex to 8, prevLogIndex: 1
2022/08/09 02:51:51 leader commit log: commitIndex: 10, lastLogIndex: 13
2022/08/09 02:51:51 reply from 0 success, update nextIndex to 11, matchIndex to 10, prevLogIndex: 5
2022/08/09 02:51:51 leader commit log: commitIndex: 10, lastLogIndex: 13
2022/08/09 02:51:51 reply from 0 success, update nextIndex to 12, matchIndex to 11, prevLogIndex: 5
2022/08/09 02:51:51 leader commit log: commitIndex: 10, lastLogIndex: 13
2022/08/09 02:51:51 Node 1 apply
2022/08/09 02:51:51 reply from 2 success, update nextIndex to 10, matchIndex to 9, prevLogIndex: 5
2022/08/09 02:51:51 Node 2 : term 1 follower receive AE from 1, args: &{1 1 5 1 [{6 1 351660274605722001} {7 1 2232375947731627296} {8 1 1546677078549604792} {9 1 6728113686158033206} {10 1 5511168404489917889} {11 1 2831984704378371938}] 5}
2022/08/09 02:51:51 Node 0 : term 1 follower receive AE from 1, args: &{1 1 5 1 [{6 1 351660274605722001} {7 1 2232375947731627296} {8 1 1546677078549604792} {9 1 6728113686158033206} {10 1 5511168404489917889} {11 1 2831984704378371938} {12 1 5926565453730421898}] 5}
2022/08/09 02:51:51 Node 2 : term 1 follower receive AE from 1, args: &{1 1 5 1 [{6 1 351660274605722001} {7 1 2232375947731627296} {8 1 1546677078549604792} {9 1 6728113686158033206} {10 1 5511168404489917889} {11 1 2831984704378371938} {12 1 5926565453730421898}] 5}
2022/08/09 02:51:51 leader commit log: commitIndex: 11, lastLogIndex: 13
2022/08/09 02:51:51 reply from 2 success, update nextIndex to 14, matchIndex to 13, prevLogIndex: 5
2022/08/09 02:51:51 leader commit log: commitIndex: 11, lastLogIndex: 13
2022/08/09 02:51:51 Node 1 apply
2022/08/09 02:51:51 Node 1 apply
2022/08/09 02:51:51 reply from 0 success, update nextIndex to 14, matchIndex to 13, prevLogIndex: 5
2022/08/09 02:51:51 leader commit log: commitIndex: 13, lastLogIndex: 13
2022/08/09 02:51:51 reply from 2 success, update nextIndex to 14, matchIndex to 13, prevLogIndex: 5
2022/08/09 02:51:51 leader commit log: commitIndex: 13, lastLogIndex: 13
2022/08/09 02:51:51 reply from 2 success, update nextIndex to 14, matchIndex to 13, prevLogIndex: 5
2022/08/09 02:51:51 leader commit log: commitIndex: 13, lastLogIndex: 13
2022/08/09 02:51:51 reply from 0 success, update nextIndex to 14, matchIndex to 13, prevLogIndex: 5
2022/08/09 02:51:51 leader commit log: commitIndex: 13, lastLogIndex: 13
2022/08/09 02:51:51 reply from 2 success, update nextIndex to 14, matchIndex to 13, prevLogIndex: 5
2022/08/09 02:51:51 leader commit log: commitIndex: 13, lastLogIndex: 13
2022/08/09 02:51:51 1 to 0, args: {1 1 13 1 [{0 0 <nil>} {0 0 <nil>} {0 0 <nil>} {0 0 <nil>} {0 0 <nil>} {0 0 <nil>} {0 0 <nil>} {0 0 <nil>} {0 0 <nil>}] 13}
2022/08/09 02:51:51 1 to 2, args: {1 1 13 1 [{0 0 <nil>} {0 0 <nil>} {0 0 <nil>} {0 0 <nil>} {0 0 <nil>} {0 0 <nil>} {0 0 <nil>} {0 0 <nil>} {0 0 <nil>}] 13}
2022/08/09 02:51:51 Node 2 : term 1 follower receive AE from 1, args: &{1 1 13 1 [{0 0 <nil>} {0 0 <nil>} {0 0 <nil>} {0 0 <nil>} {0 0 <nil>} {0 0 <nil>} {0 0 <nil>} {0 0 <nil>} {0 0 <nil>}] 13}
2022/08/09 02:51:51 Node 0 : term 1 follower receive AE from 1, args: &{1 1 13 1 [{0 0 <nil>} {0 0 <nil>} {0 0 <nil>} {0 0 <nil>} {0 0 <nil>} {0 0 <nil>} {0 0 <nil>} {0 0 <nil>} {0 0 <nil>}] 13}
2022/08/09 02:51:51 Node 2 apply
2022/08/09 02:51:51 Node 0 apply
2022/08/09 02:51:51 Node 2 SNAPSHOT at index 9
2022/08/09 02:51:51 Node 0 SNAPSHOT at index 9
2022/08/09 02:51:51 reply from 2 success, update nextIndex to 23, matchIndex to 22, prevLogIndex: 13
2022/08/09 02:51:51 leader commit log: commitIndex: 13, lastLogIndex: 13
2022/08/09 02:51:51 reply from 0 success, update nextIndex to 23, matchIndex to 22, prevLogIndex: 13
2022/08/09 02:51:51 leader commit log: commitIndex: 13, lastLogIndex: 13
2022/08/09 02:51:51 Node 1 persist state: {currentTerm: 1, votedFor: 1, logs: [{9 1 <nil>} {10 1 5511168404489917889} {11 1 2831984704378371938} {12 1 5926565453730421898} {13 1 6746998931909205200} {14 1 2474284388956200388}]}
2022/08/09 02:51:51 1 to 0, args: {1 1 13 1 [{14 1 2474284388956200388} {0 0 <nil>} {0 0 <nil>} {0 0 <nil>} {0 0 <nil>} {0 0 <nil>} {0 0 <nil>} {0 0 <nil>} {0 0 <nil>} {0 0 <nil>}] 13}
2022/08/09 02:51:51 1 to 2, args: {1 1 13 1 [{14 1 2474284388956200388} {0 0 <nil>} {0 0 <nil>} {0 0 <nil>} {0 0 <nil>} {0 0 <nil>} {0 0 <nil>} {0 0 <nil>} {0 0 <nil>} {0 0 <nil>}] 13}
2022/08/09 02:51:51 Node 2 : term 1 follower receive AE from 1, args: &{1 1 13 1 [{14 1 2474284388956200388} {0 0 <nil>} {0 0 <nil>} {0 0 <nil>} {0 0 <nil>} {0 0 <nil>} {0 0 <nil>} {0 0 <nil>} {0 0 <nil>} {0 0 <nil>}] 13}
2022/08/09 02:51:51 Node 0 : term 1 follower receive AE from 1, args: &{1 1 13 1 [{14 1 2474284388956200388} {0 0 <nil>} {0 0 <nil>} {0 0 <nil>} {0 0 <nil>} {0 0 <nil>} {0 0 <nil>} {0 0 <nil>} {0 0 <nil>} {0 0 <nil>}] 13}
2022/08/09 02:51:51 Node 2 persist state: {currentTerm: 1, votedFor: 1, logs: [{9 1 <nil>} {10 1 5511168404489917889} {11 1 2831984704378371938} {12 1 5926565453730421898} {13 1 6746998931909205200} {14 1 2474284388956200388} {0 0 <nil>} {0 0 <nil>} {0 0 <nil>} {0 0 <nil>} {0 0 <nil>} {0 0 <nil>} {0 0 <nil>} {0 0 <nil>} {0 0 <nil>}]}
2022/08/09 02:51:51 Node 0 persist state: {currentTerm: 1, votedFor: 1, logs: [{9 1 <nil>} {10 1 5511168404489917889} {11 1 2831984704378371938} {12 1 5926565453730421898} {13 1 6746998931909205200} {14 1 2474284388956200388} {0 0 <nil>} {0 0 <nil>} {0 0 <nil>} {0 0 <nil>} {0 0 <nil>} {0 0 <nil>} {0 0 <nil>} {0 0 <nil>} {0 0 <nil>}]}
2022/08/09 02:51:51 reply from 2 success, update nextIndex to 24, matchIndex to 23, prevLogIndex: 13
2022/08/09 02:51:51 leader commit log: commitIndex: 13, lastLogIndex: 14
2022/08/09 02:51:51 Node 1 apply
2022/08/09 02:51:51 reply from 0 success, update nextIndex to 24, matchIndex to 23, prevLogIndex: 13
2022/08/09 02:51:51 leader commit log: commitIndex: 14, lastLogIndex: 14
2022/08/09 02:51:51 1 to 0, args: {1 1 13 1 [{14 1 2474284388956200388} {0 0 <nil>} {0 0 <nil>} {0 0 <nil>} {0 0 <nil>} {0 0 <nil>} {0 0 <nil>} {0 0 <nil>} {0 0 <nil>} {0 0 <nil>}] 14}
2022/08/09 02:51:51 1 to 2, args: {1 1 13 1 [{14 1 2474284388956200388} {0 0 <nil>} {0 0 <nil>} {0 0 <nil>} {0 0 <nil>} {0 0 <nil>} {0 0 <nil>} {0 0 <nil>} {0 0 <nil>} {0 0 <nil>}] 14}
2022/08/09 02:51:51 Node 0 : term 1 follower receive AE from 1, args: &{1 1 13 1 [{14 1 2474284388956200388} {0 0 <nil>} {0 0 <nil>} {0 0 <nil>} {0 0 <nil>} {0 0 <nil>} {0 0 <nil>} {0 0 <nil>} {0 0 <nil>} {0 0 <nil>}] 14}
2022/08/09 02:51:51 Node 2 : term 1 follower receive AE from 1, args: &{1 1 13 1 [{14 1 2474284388956200388} {0 0 <nil>} {0 0 <nil>} {0 0 <nil>} {0 0 <nil>} {0 0 <nil>} {0 0 <nil>} {0 0 <nil>} {0 0 <nil>} {0 0 <nil>}] 14}
2022/08/09 02:51:51 leader commit log: commitIndex: 14, lastLogIndex: 14
2022/08/09 02:51:51 leader commit log: commitIndex: 14, lastLogIndex: 14
2022/08/09 02:51:51 1 to 0, args: {1 1 13 1 [{14 1 2474284388956200388} {0 0 <nil>} {0 0 <nil>} {0 0 <nil>} {0 0 <nil>} {0 0 <nil>} {0 0 <nil>} {0 0 <nil>} {0 0 <nil>} {0 0 <nil>}] 14}
2022/08/09 02:51:51 1 to 2, args: {1 1 13 1 [{14 1 2474284388956200388} {0 0 <nil>} {0 0 <nil>} {0 0 <nil>} {0 0 <nil>} {0 0 <nil>} {0 0 <nil>} {0 0 <nil>} {0 0 <nil>} {0 0 <nil>}] 14}
2022/08/09 02:51:51 Node 2 : term 1 follower receive AE from 1, args: &{1 1 13 1 [{14 1 2474284388956200388} {0 0 <nil>} {0 0 <nil>} {0 0 <nil>} {0 0 <nil>} {0 0 <nil>} {0 0 <nil>} {0 0 <nil>} {0 0 <nil>} {0 0 <nil>}] 14}
2022/08/09 02:51:51 Node 0 : term 1 follower receive AE from 1, args: &{1 1 13 1 [{14 1 2474284388956200388} {0 0 <nil>} {0 0 <nil>} {0 0 <nil>} {0 0 <nil>} {0 0 <nil>} {0 0 <nil>} {0 0 <nil>} {0 0 <nil>} {0 0 <nil>}] 14}
2022/08/09 02:51:51 leader commit log: commitIndex: 14, lastLogIndex: 14
2022/08/09 02:51:51 leader commit log: commitIndex: 14, lastLogIndex: 14
2022/08/09 02:51:51 1 to 0, args: {1 1 13 1 [{14 1 2474284388956200388} {0 0 <nil>} {0 0 <nil>} {0 0 <nil>} {0 0 <nil>} {0 0 <nil>} {0 0 <nil>} {0 0 <nil>} {0 0 <nil>} {0 0 <nil>}] 14}
2022/08/09 02:51:51 1 to 2, args: {1 1 13 1 [{14 1 2474284388956200388} {0 0 <nil>} {0 0 <nil>} {0 0 <nil>} {0 0 <nil>} {0 0 <nil>} {0 0 <nil>} {0 0 <nil>} {0 0 <nil>} {0 0 <nil>}] 14}
2022/08/09 02:51:51 Node 2 : term 1 follower receive AE from 1, args: &{1 1 13 1 [{14 1 2474284388956200388} {0 0 <nil>} {0 0 <nil>} {0 0 <nil>} {0 0 <nil>} {0 0 <nil>} {0 0 <nil>} {0 0 <nil>} {0 0 <nil>} {0 0 <nil>}] 14}
2022/08/09 02:51:51 Node 0 : term 1 follower receive AE from 1, args: &{1 1 13 1 [{14 1 2474284388956200388} {0 0 <nil>} {0 0 <nil>} {0 0 <nil>} {0 0 <nil>} {0 0 <nil>} {0 0 <nil>} {0 0 <nil>} {0 0 <nil>} {0 0 <nil>}] 14}
2022/08/09 02:51:51 leader commit log: commitIndex: 14, lastLogIndex: 14
2022/08/09 02:51:51 leader commit log: commitIndex: 14, lastLogIndex: 14
2022/08/09 02:51:52 1 to 0, args: {1 1 13 1 [{14 1 2474284388956200388} {0 0 <nil>} {0 0 <nil>} {0 0 <nil>} {0 0 <nil>} {0 0 <nil>} {0 0 <nil>} {0 0 <nil>} {0 0 <nil>} {0 0 <nil>}] 14}
2022/08/09 02:51:52 1 to 2, args: {1 1 13 1 [{14 1 2474284388956200388} {0 0 <nil>} {0 0 <nil>} {0 0 <nil>} {0 0 <nil>} {0 0 <nil>} {0 0 <nil>} {0 0 <nil>} {0 0 <nil>} {0 0 <nil>}] 14}
2022/08/09 02:51:52 Node 2 : term 1 follower receive AE from 1, args: &{1 1 13 1 [{14 1 2474284388956200388} {0 0 <nil>} {0 0 <nil>} {0 0 <nil>} {0 0 <nil>} {0 0 <nil>} {0 0 <nil>} {0 0 <nil>} {0 0 <nil>} {0 0 <nil>}] 14}
2022/08/09 02:51:52 Node 0 : term 1 follower receive AE from 1, args: &{1 1 13 1 [{14 1 2474284388956200388} {0 0 <nil>} {0 0 <nil>} {0 0 <nil>} {0 0 <nil>} {0 0 <nil>} {0 0 <nil>} {0 0 <nil>} {0 0 <nil>} {0 0 <nil>}] 14}
2022/08/09 02:51:52 leader commit log: commitIndex: 14, lastLogIndex: 14
2022/08/09 02:51:52 leader commit log: commitIndex: 14, lastLogIndex: 14
2022/08/09 02:51:52 1 to 0, args: {1 1 13 1 [{14 1 2474284388956200388} {0 0 <nil>} {0 0 <nil>} {0 0 <nil>} {0 0 <nil>} {0 0 <nil>} {0 0 <nil>} {0 0 <nil>} {0 0 <nil>} {0 0 <nil>}] 14}
2022/08/09 02:51:52 1 to 2, args: {1 1 13 1 [{14 1 2474284388956200388} {0 0 <nil>} {0 0 <nil>} {0 0 <nil>} {0 0 <nil>} {0 0 <nil>} {0 0 <nil>} {0 0 <nil>} {0 0 <nil>} {0 0 <nil>}] 14}
2022/08/09 02:51:52 Node 0 : term 1 follower receive AE from 1, args: &{1 1 13 1 [{14 1 2474284388956200388} {0 0 <nil>} {0 0 <nil>} {0 0 <nil>} {0 0 <nil>} {0 0 <nil>} {0 0 <nil>} {0 0 <nil>} {0 0 <nil>} {0 0 <nil>}] 14}
2022/08/09 02:51:52 Node 2 : term 1 follower receive AE from 1, args: &{1 1 13 1 [{14 1 2474284388956200388} {0 0 <nil>} {0 0 <nil>} {0 0 <nil>} {0 0 <nil>} {0 0 <nil>} {0 0 <nil>} {0 0 <nil>} {0 0 <nil>} {0 0 <nil>}] 14}
2022/08/09 02:51:52 leader commit log: commitIndex: 14, lastLogIndex: 14
2022/08/09 02:51:52 leader commit log: commitIndex: 14, lastLogIndex: 14
signal: interrupt
FAIL	6.824/raft	3.238s
